Flow report for top
Sun Mar 31 14:35:39 2019
Quartus Prime Version 16.0.0 Build 211 04/27/2016 SJ Standard Edition


---------------------
; Table of Contents ;
---------------------
  1. Legal Notice
  2. Flow Summary
  3. Flow Settings
  4. Flow Non-Default Global Settings
  5. Flow Elapsed Time
  6. Flow OS Summary
  7. Flow Log
  8. Flow Messages
  9. Flow Suppressed Messages



----------------
; Legal Notice ;
----------------
Copyright (C) 1991-2016 Altera Corporation. All rights reserved.
Your use of Altera Corporation's design tools, logic functions 
and other software and tools, and its AMPP partner logic 
functions, and any output files from any of the foregoing 
(including device programming or simulation files), and any 
associated documentation or information are expressly subject 
to the terms and conditions of the Altera Program License 
Subscription Agreement, the Altera Quartus Prime License Agreement,
the Altera MegaCore Function License Agreement, or other 
applicable license agreement, including, without limitation, 
that your use is for the sole purpose of programming logic 
devices manufactured by Altera and sold by Altera or its 
authorized distributors.  Please refer to the applicable 
agreement for further details.



+-------------------------------------------------------------------------------+
; Flow Summary                                                                  ;
+-----------------------------+-------------------------------------------------+
; Flow Status                 ; Flow Failed - Sun Mar 31 14:35:39 2019          ;
; Quartus Prime Version       ; 16.0.0 Build 211 04/27/2016 SJ Standard Edition ;
; Revision Name               ; top                                             ;
; Top-level Entity Name       ; bbgemmTop                                       ;
; Family                      ; Arria 10                                        ;
; Device                      ; 10AS016E4F29E3LG                                ;
; Timing Models               ; Preliminary                                     ;
; Logic utilization (in ALMs) ; N/A until Partition Merge                       ;
; Total registers             ; N/A until Partition Merge                       ;
; Total pins                  ; N/A until Partition Merge                       ;
; Total virtual pins          ; N/A until Partition Merge                       ;
; Total block memory bits     ; N/A until Partition Merge                       ;
; Total PLLs                  ; N/A until Partition Merge                       ;
+-----------------------------+-------------------------------------------------+


+-----------------------------------------+
; Flow Settings                           ;
+-------------------+---------------------+
; Option            ; Setting             ;
+-------------------+---------------------+
; Start date & time ; 03/31/2019 14:35:23 ;
; Main task         ; Compilation         ;
; Revision Name     ; top                 ;
+-------------------+---------------------+


+-----------------------------------------------------------------------------------------------------------------------------+
; Flow Non-Default Global Settings                                                                                            ;
+--------------------------------------+---------------------------------------+---------------+-------------+----------------+
; Assignment Name                      ; Value                                 ; Default Value ; Entity Name ; Section Id     ;
+--------------------------------------+---------------------------------------+---------------+-------------+----------------+
; ADV_NETLIST_OPT_SYNTH_WYSIWYG_REMAP  ; On                                    ; Off           ; --          ; --             ;
; COMPILER_SIGNATURE_ID                ; 7424354350443.155406812323523         ; --            ; --          ; --             ;
; EDA_ENABLE_GLITCH_FILTERING          ; On                                    ; --            ; --          ; eda_simulation ;
; EDA_MAP_ILLEGAL_CHARACTERS           ; On                                    ; --            ; --          ; eda_simulation ;
; EDA_OUTPUT_DATA_FORMAT               ; Verilog Hdl                           ; --            ; --          ; eda_simulation ;
; EDA_SIMULATION_TOOL                  ; ModelSim-Altera (Verilog)             ; <None>        ; --          ; --             ;
; EDA_TEST_BENCH_DESIGN_INSTANCE_NAME  ; bbgemmTop                             ; --            ; --          ; eda_simulation ;
; EDA_TIME_SCALE                       ; 1 ps                                  ; --            ; --          ; eda_simulation ;
; EDA_WRITE_NODES_FOR_POWER_ESTIMATION ; ALL_NODES                             ; --            ; --          ; eda_simulation ;
; FINAL_PLACEMENT_OPTIMIZATION         ; Always                                ; Automatically ; --          ; --             ;
; FITTER_EFFORT                        ; Standard Fit                          ; Auto Fit      ; --          ; --             ;
; FLOW_ENABLE_POWER_ANALYZER           ; On                                    ; Off           ; --          ; --             ;
; MAX_CORE_JUNCTION_TEMP               ; 100                                   ; --            ; --          ; --             ;
; MIN_CORE_JUNCTION_TEMP               ; 0                                     ; --            ; --          ; --             ;
; MUX_RESTRUCTURE                      ; Off                                   ; Auto          ; --          ; --             ;
; NUM_PARALLEL_PROCESSORS              ; 1                                     ; --            ; --          ; --             ;
; OPTIMIZATION_MODE                    ; Aggressive Performance                ; Balanced      ; --          ; --             ;
; OPTIMIZATION_TECHNIQUE               ; Speed                                 ; Balanced      ; --          ; --             ;
; PARTITION_COLOR                      ; 16764057                              ; --            ; bbgemmTop   ; Top            ;
; PARTITION_FITTER_PRESERVATION_LEVEL  ; PLACEMENT_AND_ROUTING                 ; --            ; bbgemmTop   ; Top            ;
; PARTITION_NETLIST_TYPE               ; SOURCE                                ; --            ; bbgemmTop   ; Top            ;
; PLACEMENT_EFFORT_MULTIPLIER          ; 2                                     ; 1.0           ; --          ; --             ;
; POWER_BOARD_THERMAL_MODEL            ; None (CONSERVATIVE)                   ; --            ; --          ; --             ;
; POWER_DEFAULT_INPUT_IO_TOGGLE_RATE   ; 12.5 %                                ; 12.5%         ; --          ; --             ;
; POWER_DEFAULT_TOGGLE_RATE            ; 12.5 %                                ; 12.5%         ; --          ; --             ;
; POWER_INPUT_FILE_NAME                ; ../foo.vcd                            ; --            ; bbgemmTop   ; vcd            ;
; POWER_PRESET_COOLING_SOLUTION        ; 23 MM HEAT SINK WITH 200 LFPM AIRFLOW ; --            ; --          ; --             ;
; POWER_REPORT_POWER_DISSIPATION       ; On                                    ; Off           ; --          ; --             ;
; POWER_REPORT_SIGNAL_ACTIVITY         ; On                                    ; Off           ; --          ; --             ;
; POWER_USE_PVA                        ; Off                                   ; On            ; --          ; --             ;
; PRE_MAPPING_RESYNTHESIS              ; On                                    ; Off           ; --          ; --             ;
; PROJECT_OUTPUT_DIRECTORY             ; output_files                          ; --            ; --          ; --             ;
; ROUTER_TIMING_OPTIMIZATION_LEVEL     ; MAXIMUM                               ; Normal        ; --          ; --             ;
; SPECTRAQ_PHYSICAL_SYNTHESIS          ; On                                    ; Off           ; --          ; --             ;
; TOP_LEVEL_ENTITY                     ; bbgemmTop                             ; top           ; --          ; --             ;
+--------------------------------------+---------------------------------------+---------------+-------------+----------------+


+--------------------------------------------------------------------------------------------------------------------------+
; Flow Elapsed Time                                                                                                        ;
+----------------------+--------------+-------------------------+---------------------+------------------------------------+
; Module Name          ; Elapsed Time ; Average Processors Used ; Peak Virtual Memory ; Total CPU Time (on all processors) ;
+----------------------+--------------+-------------------------+---------------------+------------------------------------+
; Analysis & Synthesis ; 00:00:17     ; 1.0                     ; 1294 MB             ; 00:00:27                           ;
; Total                ; 00:00:17     ; --                      ; --                  ; 00:00:27                           ;
+----------------------+--------------+-------------------------+---------------------+------------------------------------+


+-----------------------------------------------------------------------------------------------+
; Flow OS Summary                                                                               ;
+----------------------+-------------------------+----------------+------------+----------------+
; Module Name          ; Machine Hostname        ; OS Name        ; OS Version ; Processor type ;
+----------------------+-------------------------+----------------+------------+----------------+
; Analysis & Synthesis ; nml-cloud-237.cs.sfu.ca ; Ubuntu 16.04.5 ; 16         ; x86_64         ;
+----------------------+-------------------------+----------------+------------+----------------+


------------
; Flow Log ;
------------
quartus_map --read_settings_files=on --write_settings_files=off top -c top



